mode: set
github.com/suwaroj-se/assessment/expense/db.go:15.22,17.2 1 0
github.com/suwaroj-se/assessment/expense/db.go:19.36,21.2 1 0
github.com/suwaroj-se/assessment/expense/db.go:25.15,28.16 3 0
github.com/suwaroj-se/assessment/expense/db.go:32.2,35.16 3 0
github.com/suwaroj-se/assessment/expense/db.go:28.16,30.3 1 0
github.com/suwaroj-se/assessment/expense/db.go:35.16,37.3 1 0
github.com/suwaroj-se/assessment/expense/db.go:40.16,42.2 1 0
github.com/suwaroj-se/assessment/expense/get.go:11.63,16.13 4 1
github.com/suwaroj-se/assessment/expense/get.go:17.21,18.73 1 1
github.com/suwaroj-se/assessment/expense/get.go:19.11,20.35 1 1
github.com/suwaroj-se/assessment/expense/get.go:21.10,22.100 1 1
github.com/suwaroj-se/assessment/expense/put.go:11.63,13.36 2 1
github.com/suwaroj-se/assessment/expense/put.go:17.2,17.94 1 1
github.com/suwaroj-se/assessment/expense/put.go:21.2,25.13 4 1
github.com/suwaroj-se/assessment/expense/put.go:13.36,15.3 1 1
github.com/suwaroj-se/assessment/expense/put.go:17.94,19.3 1 1
github.com/suwaroj-se/assessment/expense/put.go:26.21,27.73 1 1
github.com/suwaroj-se/assessment/expense/put.go:29.11,32.42 2 1
github.com/suwaroj-se/assessment/expense/put.go:36.3,36.35 1 1
github.com/suwaroj-se/assessment/expense/put.go:38.10,39.100 1 1
github.com/suwaroj-se/assessment/expense/put.go:32.42,34.4 1 1
github.com/suwaroj-se/assessment/expense/create.go:10.62,12.36 2 1
github.com/suwaroj-se/assessment/expense/create.go:16.2,18.16 3 1
github.com/suwaroj-se/assessment/expense/create.go:22.2,22.39 1 1
github.com/suwaroj-se/assessment/expense/create.go:12.36,14.3 1 1
github.com/suwaroj-se/assessment/expense/create.go:18.16,20.3 1 1
